<?xml version="1.0" encoding="UTF-8"?>
<!-- Generated by org.testng.reporters.JUnitReportReporter -->
<testsuite skipped="0" hostname="DESKTOP-21167EL" name="Capgimni.qa.humana.PagesTest.LoginpageTest" tests="2" failures="0" timestamp="18 Apr 2021 13:45:27 GMT" time="14.795" errors="0">
  <testcase name="getTitleTest" time="6.472" classname="Capgimni.qa.humana.PagesTest.LoginpageTest"/>
  <testcase name="dologinTest" time="8.323" classname="Capgimni.qa.humana.PagesTest.LoginpageTest"/>
</testsuite> <!-- Capgimni.qa.humana.PagesTest.LoginpageTest -->
