<?xml version="1.0" encoding="UTF-8"?>
<!-- Generated by org.testng.reporters.JUnitReportReporter -->
<testsuite skipped="0" hostname="DESKTOP-21167EL" name="Capgimni.qa.humana.PagesTest.HomepageTest" tests="6" failures="0" timestamp="18 Apr 2021 13:45:27 GMT" time="55.098" errors="0">
  <testcase name="verifylinkhold" time="9.061" classname="Capgimni.qa.humana.PagesTest.HomepageTest"/>
  <testcase name="getTitleTest" time="9.054" classname="Capgimni.qa.humana.PagesTest.HomepageTest"/>
  <testcase name="verifylinkdasTest" time="8.621" classname="Capgimni.qa.humana.PagesTest.HomepageTest"/>
  <testcase name="dropdownTest" time="8.374" classname="Capgimni.qa.humana.PagesTest.HomepageTest"/>
  <testcase name="verifylinkorderTest" time="10.956" classname="Capgimni.qa.humana.PagesTest.HomepageTest"/>
  <testcase name="verifychartTest" time="9.032" classname="Capgimni.qa.humana.PagesTest.HomepageTest"/>
</testsuite> <!-- Capgimni.qa.humana.PagesTest.HomepageTest -->
